<?xml version="1.0" encoding="UTF-8"?>
<!-- Generated by org.testng.reporters.JUnitXMLReporter -->
<testsuite ignored="0" hostname="VivanPC" failures="1" tests="2" name="FeatureFile2" time="0.766" errors="0" timestamp="2024-04-23T10:55:21 IST">
  <testcase classname="io.cucumber.testng.AbstractTestNGCucumberTests" name="runScenario" time="0.015">
    <skipped/>
  </testcase> <!-- runScenario -->
  <testcase classname="io.cucumber.testng.AbstractTestNGCucumberTests" name="runScenario" time="0.011">
    <failure type="java.lang.NullPointerException" message="Cannot invoke &amp;quot;String.equalsIgnoreCase(String)&amp;quot; because &amp;quot;browser&amp;quot; is null">
      <![CDATA[java.lang.NullPointerException: Cannot invoke "String.equalsIgnoreCase(String)" because "browser" is null
at com.alpha.factory.DriverFactory.init_driver(DriverFactory.java:27)
at com.alpha.MyHooks.AlphaHooks.setUp(AlphaHooks.java:37)
]]>
    </failure>
  </testcase> <!-- runScenario -->
</testsuite> <!-- FeatureFile2 -->
