<?xml version="1.0" encoding="UTF-8"?>
<testsuite xmlns:xsi="http://www.w3.org/2001/XMLSchema-instance" xsi:noNamespaceSchemaLocation="https://maven.apache.org/surefire/maven-surefire-plugin/xsd/surefire-test-report-3.0.xsd" version="3.0" name="TestSuite" time="32.911" tests="1" errors="0" skipped="0" failures="0">
  <properties>
[...]
</properties>
  <testcase name="runScenario[&quot;Validate Bookstore Table&quot;, &quot;Title of your feature&quot;](1)" classname="org.alpha.test.runner.TestRunner" time="29.281">
    <system-out><![CDATA[...
... TestNG 7.7.1 by Cédric Beust (cedric@beust.com)
...

Its before All...............................

@smoke
Scenario: Validate Bookstore Table    # src/test/resources/features/FirstTestCase.feature:37
[INFO] Browser is -> chrome
---- USER IS ON HOME PAGE ----
  Given I am on Tools QA Home Page    # org.alpha.test.stepDefs.DemoQAHomePage_Step.user_is_on_home_page()
  Given I am on the Book Store page   # org.alpha.test.stepDefs.DemoQAHomePage_Step.i_am_on_the_book_store_page()
[Cierra, Alden, Kierra]
[Vega, Cantrell, Gentry]
  When Fetch The data from book store # org.alpha.test.stepDefs.DemoQAHomePage_Step.fetch_the_data_from_book_store()
]]></system-out>
    <system-err><![CDATA[SLF4J: Failed to load class "org.slf4j.impl.StaticLoggerBinder".
SLF4J: Defaulting to no-operation (NOP) logger implementation
SLF4J: See http://www.slf4j.org/codes.html#StaticLoggerBinder for further details.
ERROR StatusLogger Log4j2 could not find a logging implementation. Please add log4j-core to the classpath. Using SimpleLogger to log to the console...
]]></system-err>
  </testcase>
</testsuite>