<?xml version="1.0" encoding="UTF-8"?>
<testng-results ignored="0" total="1" passed="1" failed="0" skipped="0">
  <reporter-output>
  </reporter-output>
  <suite started-at="2024-04-23T11:50:35 IST" name="OPENQA Suite Test" finished-at="2024-04-23T11:51:08 IST" duration-ms="32407">
    <groups>
      <group name="cucumber">
        <method signature="AbstractTestNGCucumberTests.runScenario(io.cucumber.testng.PickleWrapper,io.cucumber.testng.FeatureWrapper)[pri:0, instance:org.alpha.test.runner.TestRunner@7c7b252e]" name="runScenario" class="io.cucumber.testng.AbstractTestNGCucumberTests"/>
      </group> <!-- cucumber -->
    </groups>
    <test started-at="2024-04-23T11:50:35 IST" name="FeatureFile1" finished-at="2024-04-23T11:51:08 IST" duration-ms="32407">
      <class name="org.alpha.test.runner.TestRunner">
        <test-method is-config="true" signature="setUpClass(org.testng.ITestContext)[pri:0, instance:org.alpha.test.runner.TestRunner@7c7b252e]" started-at="2024-04-23T11:50:35 IST" name="setUpClass" finished-at="2024-04-23T11:50:36 IST" duration-ms="565" status="PASS">
          <params>
            <param index="0">
              <value>
                <![CDATA[org.testng.TestRunner@2f465398]]>
              </value>
            </param>
          </params>
          <reporter-output>
          </reporter-output>
        </test-method> <!-- setUpClass -->
        <test-method signature="runScenario(io.cucumber.testng.PickleWrapper,io.cucumber.testng.FeatureWrapper)[pri:0, instance:org.alpha.test.runner.TestRunner@7c7b252e]" started-at="2024-04-23T11:50:36 IST" name="runScenario" description="Runs Cucumber Scenarios" data-provider="scenarios" finished-at="2024-04-23T11:51:05 IST" duration-ms="29284" status="PASS">
          <params>
            <param index="0">
              <value>
                <![CDATA["Validate Bookstore Table"]]>
              </value>
            </param>
            <param index="1">
              <value>
                <![CDATA["Title of your feature"]]>
              </value>
            </param>
          </params>
          <reporter-output>
          </reporter-output>
        </test-method> <!-- runScenario -->
        <test-method is-config="true" signature="tearDownClass()[pri:0, instance:org.alpha.test.runner.TestRunner@7c7b252e]" started-at="2024-04-23T11:51:05 IST" name="tearDownClass" finished-at="2024-04-23T11:51:08 IST" duration-ms="2529" status="PASS">
          <reporter-output>
          </reporter-output>
        </test-method> <!-- tearDownClass -->
      </class> <!-- org.alpha.test.runner.TestRunner -->
    </test> <!-- FeatureFile1 -->
  </suite> <!-- OPENQA Suite Test -->
</testng-results>
