<?xml version="1.0" encoding="UTF-8"?>
<testng-results ignored="0" total="1" passed="1" failed="0" skipped="0">
  <reporter-output>
  </reporter-output>
  <suite started-at="2024-04-23T11:42:13 IST" name="Default suite" finished-at="2024-04-23T11:42:23 IST" duration-ms="10343">
    <groups>
      <group name="cucumber">
        <method signature="AbstractTestNGCucumberTests.runScenario(io.cucumber.testng.PickleWrapper,io.cucumber.testng.FeatureWrapper)[pri:0, instance:org.alpha.test.runner.TestRunner@3b0090a4]" name="runScenario" class="io.cucumber.testng.AbstractTestNGCucumberTests"/>
      </group> <!-- cucumber -->
    </groups>
    <test started-at="2024-04-23T11:42:13 IST" name="Default test" finished-at="2024-04-23T11:42:23 IST" duration-ms="10343">
      <class name="org.alpha.test.runner.TestRunner">
        <test-method is-config="true" signature="setUpClass(org.testng.ITestContext)[pri:0, instance:org.alpha.test.runner.TestRunner@3b0090a4]" started-at="2024-04-23T11:42:13 IST" name="setUpClass" finished-at="2024-04-23T11:42:13 IST" duration-ms="620" status="PASS">
          <params>
            <param index="0">
              <value>
                <![CDATA[org.testng.TestRunner@2673487b]]>
              </value>
            </param>
          </params>
          <reporter-output>
          </reporter-output>
        </test-method> <!-- setUpClass -->
        <test-method signature="runScenario(io.cucumber.testng.PickleWrapper,io.cucumber.testng.FeatureWrapper)[pri:0, instance:org.alpha.test.runner.TestRunner@3b0090a4]" started-at="2024-04-23T11:42:13 IST" name="runScenario" description="Runs Cucumber Scenarios" data-provider="scenarios" finished-at="2024-04-23T11:42:21 IST" duration-ms="7956" status="PASS">
          <params>
            <param index="0">
              <value>
                <![CDATA["Validate Bookstore Table"]]>
              </value>
            </param>
            <param index="1">
              <value>
                <![CDATA["Title of your feature"]]>
              </value>
            </param>
          </params>
          <reporter-output>
          </reporter-output>
        </test-method> <!-- runScenario -->
        <test-method is-config="true" signature="tearDownClass()[pri:0, instance:org.alpha.test.runner.TestRunner@3b0090a4]" started-at="2024-04-23T11:42:21 IST" name="tearDownClass" finished-at="2024-04-23T11:42:23 IST" duration-ms="1737" status="PASS">
          <reporter-output>
          </reporter-output>
        </test-method> <!-- tearDownClass -->
      </class> <!-- org.alpha.test.runner.TestRunner -->
    </test> <!-- Default test -->
  </suite> <!-- Default suite -->
</testng-results>
